2025-12-22 00:08:58 [http-nio-8080-exec-8] DEBUG o.s.security.web.FilterChainProxy - Securing HEAD /actuator/health
2025-12-22 00:08:58 [http-nio-8080-exec-8] DEBUG o.s.s.w.a.AnonymousAuthenticationFilter - Set SecurityContextHolder to anonymous SecurityContext
2025-12-22 00:08:58 [http-nio-8080-exec-8] DEBUG o.s.security.web.FilterChainProxy - Secured HEAD /actuator/health
2025-12-22 00:08:58 [http-nio-8080-exec-8] DEBUG o.s.web.servlet.DispatcherServlet - HEAD "/actuator/health", parameters={}
2025-12-22 00:08:58 [http-nio-8080-exec-8] DEBUG o.s.w.s.m.m.a.RequestResponseBodyMethodProcessor - Read "application/octet-stream" to []
2025-12-22 00:08:58 [http-nio-8080-exec-8] DEBUG o.s.w.s.m.m.a.HttpEntityMethodProcessor - Using 'application/vnd.spring-boot.actuator.v3+json', given [*/*] and supported [application/vnd.spring-boot.actuator.v3+json, application/vnd.spring-boot.actuator.v2+json, application/json]
2025-12-22 00:08:58 [http-nio-8080-exec-8] DEBUG o.s.w.s.m.m.a.HttpEntityMethodProcessor - Writing [org.springframework.boot.actuate.health.SystemHealth@56fe0de9]
2025-12-22 00:08:58 [http-nio-8080-exec-8] DEBUG o.s.web.servlet.DispatcherServlet - Completed 200 OK
2025-12-22 00:09:29 [http-nio-8080-exec-2] DEBUG o.s.security.web.FilterChainProxy - Securing HEAD /actuator/health
2025-12-22 00:09:29 [http-nio-8080-exec-2] DEBUG o.s.s.w.a.AnonymousAuthenticationFilter - Set SecurityContextHolder to anonymous SecurityContext
2025-12-22 00:09:29 [http-nio-8080-exec-2] DEBUG o.s.security.web.FilterChainProxy - Secured HEAD /actuator/health
2025-12-22 00:09:29 [http-nio-8080-exec-2] DEBUG o.s.web.servlet.DispatcherServlet - HEAD "/actuator/health", parameters={}
2025-12-22 00:09:29 [http-nio-8080-exec-2] DEBUG o.s.w.s.m.m.a.RequestResponseBodyMethodProcessor - Read "application/octet-stream" to []
2025-12-22 00:09:29 [http-nio-8080-exec-2] DEBUG o.s.w.s.m.m.a.HttpEntityMethodProcessor - Using 'application/vnd.spring-boot.actuator.v3+json', given [*/*] and supported [application/vnd.spring-boot.actuator.v3+json, application/vnd.spring-boot.actuator.v2+json, application/json]
2025-12-22 00:09:29 [http-nio-8080-exec-2] DEBUG o.s.w.s.m.m.a.HttpEntityMethodProcessor - Writing [org.springframework.boot.actuate.health.SystemHealth@69fa5a80]
2025-12-22 00:09:29 [http-nio-8080-exec-2] DEBUG o.s.web.servlet.DispatcherServlet - Completed 200 OK
2025-12-22 00:11:32 [http-nio-8080-exec-3] DEBUG o.s.security.web.FilterChainProxy - Securing HEAD /actuator/health
2025-12-22 00:11:32 [http-nio-8080-exec-3] DEBUG o.s.s.w.a.AnonymousAuthenticationFilter - Set SecurityContextHolder to anonymous SecurityContext
2025-12-22 00:11:32 [http-nio-8080-exec-3] DEBUG o.s.security.web.FilterChainProxy - Secured HEAD /actuator/health
2025-12-22 00:11:32 [http-nio-8080-exec-3] DEBUG o.s.web.servlet.DispatcherServlet - HEAD "/actuator/health", parameters={}
2025-12-22 00:11:32 [http-nio-8080-exec-3] DEBUG o.s.w.s.m.m.a.RequestResponseBodyMethodProcessor - Read "application/octet-stream" to []
2025-12-22 00:11:32 [http-nio-8080-exec-3] DEBUG o.s.w.s.m.m.a.HttpEntityMethodProcessor - Using 'application/vnd.spring-boot.actuator.v3+json', given [*/*] and supported [application/vnd.spring-boot.actuator.v3+json, application/vnd.spring-boot.actuator.v2+json, application/json]
2025-12-22 00:11:32 [http-nio-8080-exec-3] DEBUG o.s.w.s.m.m.a.HttpEntityMethodProcessor - Writing [org.springframework.boot.actuate.health.SystemHealth@60e2974e]
2025-12-22 00:11:32 [http-nio-8080-exec-3] DEBUG o.s.web.servlet.DispatcherServlet - Completed 200 OK
2025-12-22 00:12:02 [http-nio-8080-exec-4] DEBUG o.s.security.web.FilterChainProxy - Securing HEAD /actuator/health
2025-12-22 00:12:02 [http-nio-8080-exec-4] DEBUG o.s.s.w.a.AnonymousAuthenticationFilter - Set SecurityContextHolder to anonymous SecurityContext
2025-12-22 00:12:02 [http-nio-8080-exec-4] DEBUG o.s.security.web.FilterChainProxy - Secured HEAD /actuator/health
2025-12-22 00:12:02 [http-nio-8080-exec-4] DEBUG o.s.web.servlet.DispatcherServlet - HEAD "/actuator/health", parameters={}
2025-12-22 00:12:02 [http-nio-8080-exec-4] DEBUG o.s.w.s.m.m.a.RequestResponseBodyMethodProcessor - Read "application/octet-stream" to []
2025-12-22 00:12:02 [http-nio-8080-exec-4] DEBUG o.s.w.s.m.m.a.HttpEntityMethodProcessor - Using 'application/vnd.spring-boot.actuator.v3+json', given [*/*] and supported [application/vnd.spring-boot.actuator.v3+json, application/vnd.spring-boot.actuator.v2+json, application/json]
2025-12-22 00:12:02 [http-nio-8080-exec-4] DEBUG o.s.w.s.m.m.a.HttpEntityMethodProcessor - Writing [org.springframework.boot.actuate.health.SystemHealth@1fbe182e]
2025-12-22 00:12:02 [http-nio-8080-exec-4] DEBUG o.s.web.servlet.DispatcherServlet - Completed 200 OK
2025-12-22 01:01:50 [http-nio-8080-exec-1] DEBUG o.s.security.web.FilterChainProxy - Securing HEAD /actuator/health
2025-12-22 01:01:50 [http-nio-8080-exec-1] DEBUG o.s.s.w.a.AnonymousAuthenticationFilter - Set SecurityContextHolder to anonymous SecurityContext
2025-12-22 01:01:50 [http-nio-8080-exec-1] DEBUG o.s.security.web.FilterChainProxy - Secured HEAD /actuator/health
2025-12-22 01:01:50 [http-nio-8080-exec-1] DEBUG o.s.web.servlet.DispatcherServlet - HEAD "/actuator/health", parameters={}
2025-12-22 01:01:50 [http-nio-8080-exec-1] DEBUG o.s.w.s.m.m.a.RequestResponseBodyMethodProcessor - Read "application/octet-stream" to []
2025-12-22 01:01:50 [http-nio-8080-exec-1] DEBUG o.s.w.s.m.m.a.HttpEntityMethodProcessor - Using 'application/vnd.spring-boot.actuator.v3+json', given [*/*] and supported [application/vnd.spring-boot.actuator.v3+json, application/vnd.spring-boot.actuator.v2+json, application/json]
2025-12-22 01:01:50 [http-nio-8080-exec-1] DEBUG o.s.w.s.m.m.a.HttpEntityMethodProcessor - Writing [org.springframework.boot.actuate.health.SystemHealth@1b8ac738]
2025-12-22 01:01:50 [http-nio-8080-exec-1] DEBUG o.s.web.servlet.DispatcherServlet - Completed 200 OK
2025-12-22 01:12:54 [http-nio-8080-exec-5] DEBUG o.s.security.web.FilterChainProxy - Securing HEAD /actuator/health
2025-12-22 01:12:54 [http-nio-8080-exec-5] DEBUG o.s.s.w.a.AnonymousAuthenticationFilter - Set SecurityContextHolder to anonymous SecurityContext
2025-12-22 01:12:54 [http-nio-8080-exec-5] DEBUG o.s.security.web.FilterChainProxy - Secured HEAD /actuator/health
2025-12-22 01:12:54 [http-nio-8080-exec-5] DEBUG o.s.web.servlet.DispatcherServlet - HEAD "/actuator/health", parameters={}
2025-12-22 01:12:54 [http-nio-8080-exec-5] DEBUG o.s.w.s.m.m.a.RequestResponseBodyMethodProcessor - Read "application/octet-stream" to []
2025-12-22 01:12:54 [http-nio-8080-exec-5] DEBUG o.s.w.s.m.m.a.HttpEntityMethodProcessor - Using 'application/vnd.spring-boot.actuator.v3+json', given [*/*] and supported [application/vnd.spring-boot.actuator.v3+json, application/vnd.spring-boot.actuator.v2+json, application/json]
2025-12-22 01:12:54 [http-nio-8080-exec-5] DEBUG o.s.w.s.m.m.a.HttpEntityMethodProcessor - Writing [org.springframework.boot.actuate.health.SystemHealth@25895333]
2025-12-22 01:12:54 [http-nio-8080-exec-5] DEBUG o.s.web.servlet.DispatcherServlet - Completed 200 OK
2025-12-22 01:29:43 [http-nio-8080-exec-9] DEBUG o.s.security.web.FilterChainProxy - Securing HEAD /actuator/health
2025-12-22 01:29:43 [http-nio-8080-exec-9] DEBUG o.s.s.w.a.AnonymousAuthenticationFilter - Set SecurityContextHolder to anonymous SecurityContext
2025-12-22 01:29:43 [http-nio-8080-exec-9] DEBUG o.s.security.web.FilterChainProxy - Secured HEAD /actuator/health
2025-12-22 01:29:43 [http-nio-8080-exec-9] DEBUG o.s.web.servlet.DispatcherServlet - HEAD "/actuator/health", parameters={}
2025-12-22 01:29:43 [http-nio-8080-exec-9] DEBUG o.s.w.s.m.m.a.RequestResponseBodyMethodProcessor - Read "application/octet-stream" to []
2025-12-22 01:29:43 [http-nio-8080-exec-9] DEBUG o.s.w.s.m.m.a.HttpEntityMethodProcessor - Using 'application/vnd.spring-boot.actuator.v3+json', given [*/*] and supported [application/vnd.spring-boot.actuator.v3+json, application/vnd.spring-boot.actuator.v2+json, application/json]
2025-12-22 01:29:43 [http-nio-8080-exec-9] DEBUG o.s.w.s.m.m.a.HttpEntityMethodProcessor - Writing [org.springframework.boot.actuate.health.SystemHealth@5c5ba88c]
2025-12-22 01:29:43 [http-nio-8080-exec-9] DEBUG o.s.web.servlet.DispatcherServlet - Completed 200 OK
2025-12-22 01:30:13 [http-nio-8080-exec-6] DEBUG o.s.security.web.FilterChainProxy - Securing HEAD /actuator/health
2025-12-22 01:30:13 [http-nio-8080-exec-6] DEBUG o.s.s.w.a.AnonymousAuthenticationFilter - Set SecurityContextHolder to anonymous SecurityContext
2025-12-22 01:30:13 [http-nio-8080-exec-6] DEBUG o.s.security.web.FilterChainProxy - Secured HEAD /actuator/health
2025-12-22 01:30:13 [http-nio-8080-exec-6] DEBUG o.s.web.servlet.DispatcherServlet - HEAD "/actuator/health", parameters={}
2025-12-22 01:30:13 [http-nio-8080-exec-6] DEBUG o.s.w.s.m.m.a.RequestResponseBodyMethodProcessor - Read "application/octet-stream" to []
2025-12-22 01:30:13 [http-nio-8080-exec-6] DEBUG o.s.w.s.m.m.a.HttpEntityMethodProcessor - Using 'application/vnd.spring-boot.actuator.v3+json', given [*/*] and supported [application/vnd.spring-boot.actuator.v3+json, application/vnd.spring-boot.actuator.v2+json, application/json]
2025-12-22 01:30:13 [http-nio-8080-exec-6] DEBUG o.s.w.s.m.m.a.HttpEntityMethodProcessor - Writing [org.springframework.boot.actuate.health.SystemHealth@368a3f35]
2025-12-22 01:30:13 [http-nio-8080-exec-6] DEBUG o.s.web.servlet.DispatcherServlet - Completed 200 OK
2025-12-22 02:01:18 [http-nio-8080-exec-7] DEBUG o.s.security.web.FilterChainProxy - Securing HEAD /actuator/health
2025-12-22 02:01:18 [http-nio-8080-exec-7] DEBUG o.s.s.w.a.AnonymousAuthenticationFilter - Set SecurityContextHolder to anonymous SecurityContext
2025-12-22 02:01:18 [http-nio-8080-exec-7] DEBUG o.s.security.web.FilterChainProxy - Secured HEAD /actuator/health
2025-12-22 02:01:18 [http-nio-8080-exec-7] DEBUG o.s.web.servlet.DispatcherServlet - HEAD "/actuator/health", parameters={}
2025-12-22 02:01:18 [http-nio-8080-exec-7] DEBUG o.s.w.s.m.m.a.RequestResponseBodyMethodProcessor - Read "application/octet-stream" to []
2025-12-22 02:01:18 [http-nio-8080-exec-7] DEBUG o.s.w.s.m.m.a.HttpEntityMethodProcessor - Using 'application/vnd.spring-boot.actuator.v3+json', given [*/*] and supported [application/vnd.spring-boot.actuator.v3+json, application/vnd.spring-boot.actuator.v2+json, application/json]
2025-12-22 02:01:18 [http-nio-8080-exec-7] DEBUG o.s.w.s.m.m.a.HttpEntityMethodProcessor - Writing [org.springframework.boot.actuate.health.SystemHealth@bdacae9]
2025-12-22 02:01:18 [http-nio-8080-exec-7] DEBUG o.s.web.servlet.DispatcherServlet - Completed 200 OK
2025-12-22 02:01:48 [http-nio-8080-exec-8] DEBUG o.s.security.web.FilterChainProxy - Securing HEAD /actuator/health
2025-12-22 02:01:48 [http-nio-8080-exec-8] DEBUG o.s.s.w.a.AnonymousAuthenticationFilter - Set SecurityContextHolder to anonymous SecurityContext
2025-12-22 02:01:48 [http-nio-8080-exec-8] DEBUG o.s.security.web.FilterChainProxy - Secured HEAD /actuator/health
2025-12-22 02:01:48 [http-nio-8080-exec-8] DEBUG o.s.web.servlet.DispatcherServlet - HEAD "/actuator/health", parameters={}
2025-12-22 02:01:48 [http-nio-8080-exec-8] DEBUG o.s.w.s.m.m.a.RequestResponseBodyMethodProcessor - Read "application/octet-stream" to []
2025-12-22 02:01:48 [http-nio-8080-exec-8] DEBUG o.s.w.s.m.m.a.HttpEntityMethodProcessor - Using 'application/vnd.spring-boot.actuator.v3+json', given [*/*] and supported [application/vnd.spring-boot.actuator.v3+json, application/vnd.spring-boot.actuator.v2+json, application/json]
2025-12-22 02:01:48 [http-nio-8080-exec-8] DEBUG o.s.w.s.m.m.a.HttpEntityMethodProcessor - Writing [org.springframework.boot.actuate.health.SystemHealth@578510a0]
2025-12-22 02:01:48 [http-nio-8080-exec-8] DEBUG o.s.web.servlet.DispatcherServlet - Completed 200 OK
2025-12-22 02:13:48 [http-nio-8080-exec-2] DEBUG o.s.security.web.FilterChainProxy - Securing HEAD /actuator/health
2025-12-22 02:13:48 [http-nio-8080-exec-2] DEBUG o.s.s.w.a.AnonymousAuthenticationFilter - Set SecurityContextHolder to anonymous SecurityContext
2025-12-22 02:13:48 [http-nio-8080-exec-2] DEBUG o.s.security.web.FilterChainProxy - Secured HEAD /actuator/health
2025-12-22 02:13:48 [http-nio-8080-exec-2] DEBUG o.s.web.servlet.DispatcherServlet - HEAD "/actuator/health", parameters={}
2025-12-22 02:13:48 [http-nio-8080-exec-2] DEBUG o.s.w.s.m.m.a.RequestResponseBodyMethodProcessor - Read "application/octet-stream" to []
2025-12-22 02:13:48 [http-nio-8080-exec-2] DEBUG o.s.w.s.m.m.a.HttpEntityMethodProcessor - Using 'application/vnd.spring-boot.actuator.v3+json', given [*/*] and supported [application/vnd.spring-boot.actuator.v3+json, application/vnd.spring-boot.actuator.v2+json, application/json]
2025-12-22 02:13:48 [http-nio-8080-exec-2] DEBUG o.s.w.s.m.m.a.HttpEntityMethodProcessor - Writing [org.springframework.boot.actuate.health.SystemHealth@451a9cb6]
2025-12-22 02:13:48 [http-nio-8080-exec-2] DEBUG o.s.web.servlet.DispatcherServlet - Completed 200 OK
2025-12-22 02:16:09 [http-nio-8080-exec-3] DEBUG o.s.security.web.FilterChainProxy - Securing HEAD /actuator/health
2025-12-22 02:16:09 [http-nio-8080-exec-3] DEBUG o.s.s.w.a.AnonymousAuthenticationFilter - Set SecurityContextHolder to anonymous SecurityContext
2025-12-22 02:16:09 [http-nio-8080-exec-3] DEBUG o.s.security.web.FilterChainProxy - Secured HEAD /actuator/health
2025-12-22 02:16:09 [http-nio-8080-exec-3] DEBUG o.s.web.servlet.DispatcherServlet - HEAD "/actuator/health", parameters={}
2025-12-22 02:16:09 [http-nio-8080-exec-3] DEBUG o.s.w.s.m.m.a.RequestResponseBodyMethodProcessor - Read "application/octet-stream" to []
2025-12-22 02:16:09 [http-nio-8080-exec-3] DEBUG o.s.w.s.m.m.a.HttpEntityMethodProcessor - Using 'application/vnd.spring-boot.actuator.v3+json', given [*/*] and supported [application/vnd.spring-boot.actuator.v3+json, application/vnd.spring-boot.actuator.v2+json, application/json]
2025-12-22 02:16:09 [http-nio-8080-exec-3] DEBUG o.s.w.s.m.m.a.HttpEntityMethodProcessor - Writing [org.springframework.boot.actuate.health.SystemHealth@18f4821a]
2025-12-22 02:16:09 [http-nio-8080-exec-3] DEBUG o.s.web.servlet.DispatcherServlet - Completed 200 OK
2025-12-22 02:16:39 [http-nio-8080-exec-10] DEBUG o.s.security.web.FilterChainProxy - Securing HEAD /actuator/health
2025-12-22 02:16:39 [http-nio-8080-exec-10] DEBUG o.s.s.w.a.AnonymousAuthenticationFilter - Set SecurityContextHolder to anonymous SecurityContext
2025-12-22 02:16:39 [http-nio-8080-exec-10] DEBUG o.s.security.web.FilterChainProxy - Secured HEAD /actuator/health
2025-12-22 02:16:39 [http-nio-8080-exec-10] DEBUG o.s.web.servlet.DispatcherServlet - HEAD "/actuator/health", parameters={}
2025-12-22 02:16:39 [http-nio-8080-exec-10] DEBUG o.s.w.s.m.m.a.RequestResponseBodyMethodProcessor - Read "application/octet-stream" to []
2025-12-22 02:16:39 [http-nio-8080-exec-10] DEBUG o.s.w.s.m.m.a.HttpEntityMethodProcessor - Using 'application/vnd.spring-boot.actuator.v3+json', given [*/*] and supported [application/vnd.spring-boot.actuator.v3+json, application/vnd.spring-boot.actuator.v2+json, application/json]
2025-12-22 02:16:39 [http-nio-8080-exec-10] DEBUG o.s.w.s.m.m.a.HttpEntityMethodProcessor - Writing [org.springframework.boot.actuate.health.SystemHealth@585f031b]
2025-12-22 02:16:39 [http-nio-8080-exec-10] DEBUG o.s.web.servlet.DispatcherServlet - Completed 200 OK
2025-12-22 02:33:17 [http-nio-8080-exec-4] DEBUG o.s.security.web.FilterChainProxy - Securing HEAD /actuator/health
2025-12-22 02:33:17 [http-nio-8080-exec-4] DEBUG o.s.s.w.a.AnonymousAuthenticationFilter - Set SecurityContextHolder to anonymous SecurityContext
2025-12-22 02:33:17 [http-nio-8080-exec-4] DEBUG o.s.security.web.FilterChainProxy - Secured HEAD /actuator/health
2025-12-22 02:33:17 [http-nio-8080-exec-4] DEBUG o.s.web.servlet.DispatcherServlet - HEAD "/actuator/health", parameters={}
2025-12-22 02:33:17 [http-nio-8080-exec-4] DEBUG o.s.w.s.m.m.a.RequestResponseBodyMethodProcessor - Read "application/octet-stream" to []
2025-12-22 02:33:17 [http-nio-8080-exec-4] DEBUG o.s.w.s.m.m.a.HttpEntityMethodProcessor - Using 'application/vnd.spring-boot.actuator.v3+json', given [*/*] and supported [application/vnd.spring-boot.actuator.v3+json, application/vnd.spring-boot.actuator.v2+json, application/json]
2025-12-22 02:33:17 [http-nio-8080-exec-4] DEBUG o.s.w.s.m.m.a.HttpEntityMethodProcessor - Writing [org.springframework.boot.actuate.health.SystemHealth@6d1877fa]
2025-12-22 02:33:17 [http-nio-8080-exec-4] DEBUG o.s.web.servlet.DispatcherServlet - Completed 200 OK
2025-12-22 02:33:47 [http-nio-8080-exec-5] DEBUG o.s.security.web.FilterChainProxy - Securing HEAD /actuator/health
2025-12-22 02:33:47 [http-nio-8080-exec-5] DEBUG o.s.s.w.a.AnonymousAuthenticationFilter - Set SecurityContextHolder to anonymous SecurityContext
2025-12-22 02:33:47 [http-nio-8080-exec-5] DEBUG o.s.security.web.FilterChainProxy - Secured HEAD /actuator/health
2025-12-22 02:33:47 [http-nio-8080-exec-5] DEBUG o.s.web.servlet.DispatcherServlet - HEAD "/actuator/health", parameters={}
2025-12-22 02:33:47 [http-nio-8080-exec-5] DEBUG o.s.w.s.m.m.a.RequestResponseBodyMethodProcessor - Read "application/octet-stream" to []
2025-12-22 02:33:47 [http-nio-8080-exec-5] DEBUG o.s.w.s.m.m.a.HttpEntityMethodProcessor - Using 'application/vnd.spring-boot.actuator.v3+json', given [*/*] and supported [application/vnd.spring-boot.actuator.v3+json, application/vnd.spring-boot.actuator.v2+json, application/json]
2025-12-22 02:33:47 [http-nio-8080-exec-5] DEBUG o.s.w.s.m.m.a.HttpEntityMethodProcessor - Writing [org.springframework.boot.actuate.health.SystemHealth@37bb2fb6]
2025-12-22 02:33:47 [http-nio-8080-exec-5] DEBUG o.s.web.servlet.DispatcherServlet - Completed 200 OK
2025-12-22 03:39:32 [http-nio-8080-exec-9] DEBUG o.s.security.web.FilterChainProxy - Securing HEAD /actuator/health
2025-12-22 03:39:32 [http-nio-8080-exec-9] DEBUG o.s.s.w.a.AnonymousAuthenticationFilter - Set SecurityContextHolder to anonymous SecurityContext
2025-12-22 03:39:32 [http-nio-8080-exec-9] DEBUG o.s.security.web.FilterChainProxy - Secured HEAD /actuator/health
2025-12-22 03:39:32 [http-nio-8080-exec-9] DEBUG o.s.web.servlet.DispatcherServlet - HEAD "/actuator/health", parameters={}
2025-12-22 03:39:32 [http-nio-8080-exec-9] DEBUG o.s.w.s.m.m.a.RequestResponseBodyMethodProcessor - Read "application/octet-stream" to []
2025-12-22 03:39:32 [http-nio-8080-exec-9] DEBUG o.s.w.s.m.m.a.HttpEntityMethodProcessor - Using 'application/vnd.spring-boot.actuator.v3+json', given [*/*] and supported [application/vnd.spring-boot.actuator.v3+json, application/vnd.spring-boot.actuator.v2+json, application/json]
2025-12-22 03:39:32 [http-nio-8080-exec-9] DEBUG o.s.w.s.m.m.a.HttpEntityMethodProcessor - Writing [org.springframework.boot.actuate.health.SystemHealth@6a13747d]
2025-12-22 03:39:32 [http-nio-8080-exec-9] DEBUG o.s.web.servlet.DispatcherServlet - Completed 200 OK
2025-12-22 03:40:02 [http-nio-8080-exec-6] DEBUG o.s.security.web.FilterChainProxy - Securing HEAD /actuator/health
2025-12-22 03:40:02 [http-nio-8080-exec-6] DEBUG o.s.s.w.a.AnonymousAuthenticationFilter - Set SecurityContextHolder to anonymous SecurityContext
2025-12-22 03:40:02 [http-nio-8080-exec-6] DEBUG o.s.security.web.FilterChainProxy - Secured HEAD /actuator/health
2025-12-22 03:40:02 [http-nio-8080-exec-6] DEBUG o.s.web.servlet.DispatcherServlet - HEAD "/actuator/health", parameters={}
2025-12-22 03:40:02 [http-nio-8080-exec-6] DEBUG o.s.w.s.m.m.a.RequestResponseBodyMethodProcessor - Read "application/octet-stream" to []
2025-12-22 03:40:02 [http-nio-8080-exec-6] DEBUG o.s.w.s.m.m.a.HttpEntityMethodProcessor - Using 'application/vnd.spring-boot.actuator.v3+json', given [*/*] and supported [application/vnd.spring-boot.actuator.v3+json, application/vnd.spring-boot.actuator.v2+json, application/json]
2025-12-22 03:40:02 [http-nio-8080-exec-6] DEBUG o.s.w.s.m.m.a.HttpEntityMethodProcessor - Writing [org.springframework.boot.actuate.health.SystemHealth@2dbaa9a7]
2025-12-22 03:40:02 [http-nio-8080-exec-6] DEBUG o.s.web.servlet.DispatcherServlet - Completed 200 OK
2025-12-22 04:13:43 [http-nio-8080-exec-7] DEBUG o.s.security.web.FilterChainProxy - Securing HEAD /actuator/health
2025-12-22 04:13:43 [http-nio-8080-exec-7] DEBUG o.s.s.w.a.AnonymousAuthenticationFilter - Set SecurityContextHolder to anonymous SecurityContext
2025-12-22 04:13:43 [http-nio-8080-exec-7] DEBUG o.s.security.web.FilterChainProxy - Secured HEAD /actuator/health
2025-12-22 04:13:43 [http-nio-8080-exec-7] DEBUG o.s.web.servlet.DispatcherServlet - HEAD "/actuator/health", parameters={}
2025-12-22 04:13:43 [http-nio-8080-exec-7] DEBUG o.s.w.s.m.m.a.RequestResponseBodyMethodProcessor - Read "application/octet-stream" to []
2025-12-22 04:13:43 [http-nio-8080-exec-7] DEBUG o.s.w.s.m.m.a.HttpEntityMethodProcessor - Using 'application/vnd.spring-boot.actuator.v3+json', given [*/*] and supported [application/vnd.spring-boot.actuator.v3+json, application/vnd.spring-boot.actuator.v2+json, application/json]
2025-12-22 04:13:43 [http-nio-8080-exec-7] DEBUG o.s.w.s.m.m.a.HttpEntityMethodProcessor - Writing [org.springframework.boot.actuate.health.SystemHealth@6f8837af]
2025-12-22 04:13:43 [http-nio-8080-exec-7] DEBUG o.s.web.servlet.DispatcherServlet - Completed 200 OK
2025-12-22 04:14:13 [http-nio-8080-exec-8] DEBUG o.s.security.web.FilterChainProxy - Securing HEAD /actuator/health
2025-12-22 04:14:13 [http-nio-8080-exec-8] DEBUG o.s.s.w.a.AnonymousAuthenticationFilter - Set SecurityContextHolder to anonymous SecurityContext
2025-12-22 04:14:13 [http-nio-8080-exec-8] DEBUG o.s.security.web.FilterChainProxy - Secured HEAD /actuator/health
2025-12-22 04:14:13 [http-nio-8080-exec-8] DEBUG o.s.web.servlet.DispatcherServlet - HEAD "/actuator/health", parameters={}
2025-12-22 04:14:13 [http-nio-8080-exec-8] DEBUG o.s.w.s.m.m.a.RequestResponseBodyMethodProcessor - Read "application/octet-stream" to []
2025-12-22 04:14:13 [http-nio-8080-exec-8] DEBUG o.s.w.s.m.m.a.HttpEntityMethodProcessor - Using 'application/vnd.spring-boot.actuator.v3+json', given [*/*] and supported [application/vnd.spring-boot.actuator.v3+json, application/vnd.spring-boot.actuator.v2+json, application/json]
2025-12-22 04:14:13 [http-nio-8080-exec-8] DEBUG o.s.w.s.m.m.a.HttpEntityMethodProcessor - Writing [org.springframework.boot.actuate.health.SystemHealth@12429fb3]
2025-12-22 04:14:13 [http-nio-8080-exec-8] DEBUG o.s.web.servlet.DispatcherServlet - Completed 200 OK
2025-12-22 05:19:14 [http-nio-8080-exec-2] DEBUG o.s.security.web.FilterChainProxy - Securing HEAD /actuator/health
2025-12-22 05:19:14 [http-nio-8080-exec-2] DEBUG o.s.s.w.a.AnonymousAuthenticationFilter - Set SecurityContextHolder to anonymous SecurityContext
2025-12-22 05:19:14 [http-nio-8080-exec-2] DEBUG o.s.security.web.FilterChainProxy - Secured HEAD /actuator/health
2025-12-22 05:19:14 [http-nio-8080-exec-2] DEBUG o.s.web.servlet.DispatcherServlet - HEAD "/actuator/health", parameters={}
2025-12-22 05:19:14 [http-nio-8080-exec-2] DEBUG o.s.w.s.m.m.a.RequestResponseBodyMethodProcessor - Read "application/octet-stream" to []
2025-12-22 05:19:14 [http-nio-8080-exec-2] DEBUG o.s.w.s.m.m.a.HttpEntityMethodProcessor - Using 'application/vnd.spring-boot.actuator.v3+json', given [*/*] and supported [application/vnd.spring-boot.actuator.v3+json, application/vnd.spring-boot.actuator.v2+json, application/json]
2025-12-22 05:19:14 [http-nio-8080-exec-2] DEBUG o.s.w.s.m.m.a.HttpEntityMethodProcessor - Writing [org.springframework.boot.actuate.health.SystemHealth@3a0946d7]
2025-12-22 05:19:14 [http-nio-8080-exec-2] DEBUG o.s.web.servlet.DispatcherServlet - Completed 200 OK
2025-12-22 05:34:56 [http-nio-8080-exec-3] DEBUG o.s.security.web.FilterChainProxy - Securing HEAD /actuator/health
2025-12-22 05:34:56 [http-nio-8080-exec-3] DEBUG o.s.s.w.a.AnonymousAuthenticationFilter - Set SecurityContextHolder to anonymous SecurityContext
2025-12-22 05:34:56 [http-nio-8080-exec-3] DEBUG o.s.security.web.FilterChainProxy - Secured HEAD /actuator/health
2025-12-22 05:34:56 [http-nio-8080-exec-3] DEBUG o.s.web.servlet.DispatcherServlet - HEAD "/actuator/health", parameters={}
2025-12-22 05:34:56 [http-nio-8080-exec-3] DEBUG o.s.w.s.m.m.a.RequestResponseBodyMethodProcessor - Read "application/octet-stream" to []
2025-12-22 05:34:56 [http-nio-8080-exec-3] DEBUG o.s.w.s.m.m.a.HttpEntityMethodProcessor - Using 'application/vnd.spring-boot.actuator.v3+json', given [*/*] and supported [application/vnd.spring-boot.actuator.v3+json, application/vnd.spring-boot.actuator.v2+json, application/json]
2025-12-22 05:34:56 [http-nio-8080-exec-3] DEBUG o.s.w.s.m.m.a.HttpEntityMethodProcessor - Writing [org.springframework.boot.actuate.health.SystemHealth@7b705906]
2025-12-22 05:34:56 [http-nio-8080-exec-3] DEBUG o.s.web.servlet.DispatcherServlet - Completed 200 OK
2025-12-22 05:35:26 [http-nio-8080-exec-10] DEBUG o.s.security.web.FilterChainProxy - Securing HEAD /actuator/health
2025-12-22 05:35:26 [http-nio-8080-exec-10] DEBUG o.s.s.w.a.AnonymousAuthenticationFilter - Set SecurityContextHolder to anonymous SecurityContext
2025-12-22 05:35:26 [http-nio-8080-exec-10] DEBUG o.s.security.web.FilterChainProxy - Secured HEAD /actuator/health
2025-12-22 05:35:26 [http-nio-8080-exec-10] DEBUG o.s.web.servlet.DispatcherServlet - HEAD "/actuator/health", parameters={}
2025-12-22 05:35:26 [http-nio-8080-exec-10] DEBUG o.s.w.s.m.m.a.RequestResponseBodyMethodProcessor - Read "application/octet-stream" to []
2025-12-22 05:35:26 [http-nio-8080-exec-10] DEBUG o.s.w.s.m.m.a.HttpEntityMethodProcessor - Using 'application/vnd.spring-boot.actuator.v3+json', given [*/*] and supported [application/vnd.spring-boot.actuator.v3+json, application/vnd.spring-boot.actuator.v2+json, application/json]
2025-12-22 05:35:26 [http-nio-8080-exec-10] DEBUG o.s.w.s.m.m.a.HttpEntityMethodProcessor - Writing [org.springframework.boot.actuate.health.SystemHealth@f2c0666]
2025-12-22 05:35:26 [http-nio-8080-exec-10] DEBUG o.s.web.servlet.DispatcherServlet - Completed 200 OK
2025-12-22 05:53:23 [http-nio-8080-exec-1] DEBUG o.s.security.web.FilterChainProxy - Securing HEAD /actuator/health
2025-12-22 05:53:23 [http-nio-8080-exec-1] DEBUG o.s.s.w.a.AnonymousAuthenticationFilter - Set SecurityContextHolder to anonymous SecurityContext
2025-12-22 05:53:23 [http-nio-8080-exec-1] DEBUG o.s.security.web.FilterChainProxy - Secured HEAD /actuator/health
2025-12-22 05:53:23 [http-nio-8080-exec-1] DEBUG o.s.web.servlet.DispatcherServlet - HEAD "/actuator/health", parameters={}
2025-12-22 05:53:23 [http-nio-8080-exec-1] DEBUG o.s.w.s.m.m.a.RequestResponseBodyMethodProcessor - Read "application/octet-stream" to []
2025-12-22 05:53:23 [http-nio-8080-exec-1] DEBUG o.s.w.s.m.m.a.HttpEntityMethodProcessor - Using 'application/vnd.spring-boot.actuator.v3+json', given [*/*] and supported [application/vnd.spring-boot.actuator.v3+json, application/vnd.spring-boot.actuator.v2+json, application/json]
2025-12-22 05:53:23 [http-nio-8080-exec-1] DEBUG o.s.w.s.m.m.a.HttpEntityMethodProcessor - Writing [org.springframework.boot.actuate.health.SystemHealth@7c0f0c23]
2025-12-22 05:53:23 [http-nio-8080-exec-1] DEBUG o.s.web.servlet.DispatcherServlet - Completed 200 OK
2025-12-22 05:53:54 [http-nio-8080-exec-5] DEBUG o.s.security.web.FilterChainProxy - Securing HEAD /actuator/health
2025-12-22 05:53:54 [http-nio-8080-exec-5] DEBUG o.s.s.w.a.AnonymousAuthenticationFilter - Set SecurityContextHolder to anonymous SecurityContext
2025-12-22 05:53:54 [http-nio-8080-exec-5] DEBUG o.s.security.web.FilterChainProxy - Secured HEAD /actuator/health
2025-12-22 05:53:54 [http-nio-8080-exec-5] DEBUG o.s.web.servlet.DispatcherServlet - HEAD "/actuator/health", parameters={}
2025-12-22 05:53:54 [http-nio-8080-exec-5] DEBUG o.s.w.s.m.m.a.RequestResponseBodyMethodProcessor - Read "application/octet-stream" to []
2025-12-22 05:53:54 [http-nio-8080-exec-5] DEBUG o.s.w.s.m.m.a.HttpEntityMethodProcessor - Using 'application/vnd.spring-boot.actuator.v3+json', given [*/*] and supported [application/vnd.spring-boot.actuator.v3+json, application/vnd.spring-boot.actuator.v2+json, application/json]
2025-12-22 05:53:54 [http-nio-8080-exec-5] DEBUG o.s.w.s.m.m.a.HttpEntityMethodProcessor - Writing [org.springframework.boot.actuate.health.SystemHealth@63791bdf]
2025-12-22 05:53:54 [http-nio-8080-exec-5] DEBUG o.s.web.servlet.DispatcherServlet - Completed 200 OK
2025-12-22 06:04:56 [http-nio-8080-exec-9] DEBUG o.s.security.web.FilterChainProxy - Securing HEAD /actuator/health
2025-12-22 06:04:56 [http-nio-8080-exec-9] DEBUG o.s.s.w.a.AnonymousAuthenticationFilter - Set SecurityContextHolder to anonymous SecurityContext
2025-12-22 06:04:56 [http-nio-8080-exec-9] DEBUG o.s.security.web.FilterChainProxy - Secured HEAD /actuator/health
2025-12-22 06:04:56 [http-nio-8080-exec-9] DEBUG o.s.web.servlet.DispatcherServlet - HEAD "/actuator/health", parameters={}
2025-12-22 06:04:56 [http-nio-8080-exec-9] DEBUG o.s.w.s.m.m.a.RequestResponseBodyMethodProcessor - Read "application/octet-stream" to []
2025-12-22 06:04:56 [http-nio-8080-exec-9] DEBUG o.s.w.s.m.m.a.HttpEntityMethodProcessor - Using 'application/vnd.spring-boot.actuator.v3+json', given [*/*] and supported [application/vnd.spring-boot.actuator.v3+json, application/vnd.spring-boot.actuator.v2+json, application/json]
2025-12-22 06:04:56 [http-nio-8080-exec-9] DEBUG o.s.w.s.m.m.a.HttpEntityMethodProcessor - Writing [org.springframework.boot.actuate.health.SystemHealth@7746eebe]
2025-12-22 06:04:56 [http-nio-8080-exec-9] DEBUG o.s.web.servlet.DispatcherServlet - Completed 200 OK
2025-12-22 06:39:01 [http-nio-8080-exec-7] DEBUG o.s.security.web.FilterChainProxy - Securing HEAD /actuator/health
2025-12-22 06:39:01 [http-nio-8080-exec-7] DEBUG o.s.s.w.a.AnonymousAuthenticationFilter - Set SecurityContextHolder to anonymous SecurityContext
2025-12-22 06:39:01 [http-nio-8080-exec-7] DEBUG o.s.security.web.FilterChainProxy - Secured HEAD /actuator/health
2025-12-22 06:39:01 [http-nio-8080-exec-7] DEBUG o.s.web.servlet.DispatcherServlet - HEAD "/actuator/health", parameters={}
2025-12-22 06:39:01 [http-nio-8080-exec-7] DEBUG o.s.w.s.m.m.a.RequestResponseBodyMethodProcessor - Read "application/octet-stream" to []
2025-12-22 06:39:01 [http-nio-8080-exec-7] DEBUG o.s.w.s.m.m.a.HttpEntityMethodProcessor - Using 'application/vnd.spring-boot.actuator.v3+json', given [*/*] and supported [application/vnd.spring-boot.actuator.v3+json, application/vnd.spring-boot.actuator.v2+json, application/json]
2025-12-22 06:39:01 [http-nio-8080-exec-7] DEBUG o.s.w.s.m.m.a.HttpEntityMethodProcessor - Writing [org.springframework.boot.actuate.health.SystemHealth@3f3a5d9f]
2025-12-22 06:39:01 [http-nio-8080-exec-7] DEBUG o.s.web.servlet.DispatcherServlet - Completed 200 OK
2025-12-22 07:12:17 [http-nio-8080-exec-8] DEBUG o.s.security.web.FilterChainProxy - Securing HEAD /actuator/health
2025-12-22 07:12:17 [http-nio-8080-exec-8] DEBUG o.s.s.w.a.AnonymousAuthenticationFilter - Set SecurityContextHolder to anonymous SecurityContext
2025-12-22 07:12:17 [http-nio-8080-exec-8] DEBUG o.s.security.web.FilterChainProxy - Secured HEAD /actuator/health
2025-12-22 07:12:17 [http-nio-8080-exec-8] DEBUG o.s.web.servlet.DispatcherServlet - HEAD "/actuator/health", parameters={}
2025-12-22 07:12:17 [http-nio-8080-exec-8] DEBUG o.s.w.s.m.m.a.RequestResponseBodyMethodProcessor - Read "application/octet-stream" to []
2025-12-22 07:12:17 [http-nio-8080-exec-8] DEBUG o.s.w.s.m.m.a.HttpEntityMethodProcessor - Using 'application/vnd.spring-boot.actuator.v3+json', given [*/*] and supported [application/vnd.spring-boot.actuator.v3+json, application/vnd.spring-boot.actuator.v2+json, application/json]
2025-12-22 07:12:17 [http-nio-8080-exec-8] DEBUG o.s.w.s.m.m.a.HttpEntityMethodProcessor - Writing [org.springframework.boot.actuate.health.SystemHealth@53a95b5d]
2025-12-22 07:12:17 [http-nio-8080-exec-8] DEBUG o.s.web.servlet.DispatcherServlet - Completed 200 OK
2025-12-22 07:12:48 [http-nio-8080-exec-2] DEBUG o.s.security.web.FilterChainProxy - Securing HEAD /actuator/health
2025-12-22 07:12:48 [http-nio-8080-exec-2] DEBUG o.s.s.w.a.AnonymousAuthenticationFilter - Set SecurityContextHolder to anonymous SecurityContext
2025-12-22 07:12:48 [http-nio-8080-exec-2] DEBUG o.s.security.web.FilterChainProxy - Secured HEAD /actuator/health
2025-12-22 07:12:48 [http-nio-8080-exec-2] DEBUG o.s.web.servlet.DispatcherServlet - HEAD "/actuator/health", parameters={}
2025-12-22 07:12:48 [http-nio-8080-exec-2] DEBUG o.s.w.s.m.m.a.RequestResponseBodyMethodProcessor - Read "application/octet-stream" to []
2025-12-22 07:12:48 [http-nio-8080-exec-2] DEBUG o.s.w.s.m.m.a.HttpEntityMethodProcessor - Using 'application/vnd.spring-boot.actuator.v3+json', given [*/*] and supported [application/vnd.spring-boot.actuator.v3+json, application/vnd.spring-boot.actuator.v2+json, application/json]
2025-12-22 07:12:48 [http-nio-8080-exec-2] DEBUG o.s.w.s.m.m.a.HttpEntityMethodProcessor - Writing [org.springframework.boot.actuate.health.SystemHealth@11c354c]
2025-12-22 07:12:48 [http-nio-8080-exec-2] DEBUG o.s.web.servlet.DispatcherServlet - Completed 200 OK
2025-12-22 08:05:45 [http-nio-8080-exec-3] DEBUG o.s.security.web.FilterChainProxy - Securing HEAD /actuator/health
2025-12-22 08:05:45 [http-nio-8080-exec-3] DEBUG o.s.s.w.a.AnonymousAuthenticationFilter - Set SecurityContextHolder to anonymous SecurityContext
2025-12-22 08:05:45 [http-nio-8080-exec-3] DEBUG o.s.security.web.FilterChainProxy - Secured HEAD /actuator/health
2025-12-22 08:05:45 [http-nio-8080-exec-3] DEBUG o.s.web.servlet.DispatcherServlet - HEAD "/actuator/health", parameters={}
2025-12-22 08:05:45 [http-nio-8080-exec-3] DEBUG o.s.w.s.m.m.a.RequestResponseBodyMethodProcessor - Read "application/octet-stream" to []
2025-12-22 08:05:45 [http-nio-8080-exec-3] DEBUG o.s.w.s.m.m.a.HttpEntityMethodProcessor - Using 'application/vnd.spring-boot.actuator.v3+json', given [*/*] and supported [application/vnd.spring-boot.actuator.v3+json, application/vnd.spring-boot.actuator.v2+json, application/json]
2025-12-22 08:05:45 [http-nio-8080-exec-3] DEBUG o.s.w.s.m.m.a.HttpEntityMethodProcessor - Writing [org.springframework.boot.actuate.health.SystemHealth@f5cf9c1]
2025-12-22 08:05:45 [http-nio-8080-exec-3] DEBUG o.s.web.servlet.DispatcherServlet - Completed 200 OK
2025-12-22 08:06:15 [http-nio-8080-exec-10] DEBUG o.s.security.web.FilterChainProxy - Securing HEAD /actuator/health
2025-12-22 08:06:15 [http-nio-8080-exec-10] DEBUG o.s.s.w.a.AnonymousAuthenticationFilter - Set SecurityContextHolder to anonymous SecurityContext
2025-12-22 08:06:15 [http-nio-8080-exec-10] DEBUG o.s.security.web.FilterChainProxy - Secured HEAD /actuator/health
2025-12-22 08:06:15 [http-nio-8080-exec-10] DEBUG o.s.web.servlet.DispatcherServlet - HEAD "/actuator/health", parameters={}
2025-12-22 08:06:15 [http-nio-8080-exec-10] DEBUG o.s.w.s.m.m.a.RequestResponseBodyMethodProcessor - Read "application/octet-stream" to []
2025-12-22 08:06:15 [http-nio-8080-exec-10] DEBUG o.s.w.s.m.m.a.HttpEntityMethodProcessor - Using 'application/vnd.spring-boot.actuator.v3+json', given [*/*] and supported [application/vnd.spring-boot.actuator.v3+json, application/vnd.spring-boot.actuator.v2+json, application/json]
2025-12-22 08:06:15 [http-nio-8080-exec-10] DEBUG o.s.w.s.m.m.a.HttpEntityMethodProcessor - Writing [org.springframework.boot.actuate.health.SystemHealth@35ae6832]
2025-12-22 08:06:15 [http-nio-8080-exec-10] DEBUG o.s.web.servlet.DispatcherServlet - Completed 200 OK
2025-12-22 08:22:01 [http-nio-8080-exec-1] DEBUG o.s.security.web.FilterChainProxy - Securing HEAD /actuator/health
2025-12-22 08:22:01 [http-nio-8080-exec-1] DEBUG o.s.s.w.a.AnonymousAuthenticationFilter - Set SecurityContextHolder to anonymous SecurityContext
2025-12-22 08:22:01 [http-nio-8080-exec-1] DEBUG o.s.security.web.FilterChainProxy - Secured HEAD /actuator/health
2025-12-22 08:22:01 [http-nio-8080-exec-1] DEBUG o.s.web.servlet.DispatcherServlet - HEAD "/actuator/health", parameters={}
2025-12-22 08:22:01 [http-nio-8080-exec-1] DEBUG o.s.w.s.m.m.a.RequestResponseBodyMethodProcessor - Read "application/octet-stream" to []
2025-12-22 08:22:01 [http-nio-8080-exec-1] DEBUG o.s.w.s.m.m.a.HttpEntityMethodProcessor - Using 'application/vnd.spring-boot.actuator.v3+json', given [*/*] and supported [application/vnd.spring-boot.actuator.v3+json, application/vnd.spring-boot.actuator.v2+json, application/json]
2025-12-22 08:22:01 [http-nio-8080-exec-1] DEBUG o.s.w.s.m.m.a.HttpEntityMethodProcessor - Writing [org.springframework.boot.actuate.health.SystemHealth@3e49253c]
2025-12-22 08:22:01 [http-nio-8080-exec-1] DEBUG o.s.web.servlet.DispatcherServlet - Completed 200 OK
2025-12-22 08:38:43 [http-nio-8080-exec-5] DEBUG o.s.security.web.FilterChainProxy - Securing HEAD /actuator/health
2025-12-22 08:38:43 [http-nio-8080-exec-5] DEBUG o.s.s.w.a.AnonymousAuthenticationFilter - Set SecurityContextHolder to anonymous SecurityContext
2025-12-22 08:38:43 [http-nio-8080-exec-5] DEBUG o.s.security.web.FilterChainProxy - Secured HEAD /actuator/health
2025-12-22 08:38:43 [http-nio-8080-exec-5] DEBUG o.s.web.servlet.DispatcherServlet - HEAD "/actuator/health", parameters={}
2025-12-22 08:38:43 [http-nio-8080-exec-5] DEBUG o.s.w.s.m.m.a.RequestResponseBodyMethodProcessor - Read "application/octet-stream" to []
2025-12-22 08:38:43 [http-nio-8080-exec-5] DEBUG o.s.w.s.m.m.a.HttpEntityMethodProcessor - Using 'application/vnd.spring-boot.actuator.v3+json', given [*/*] and supported [application/vnd.spring-boot.actuator.v3+json, application/vnd.spring-boot.actuator.v2+json, application/json]
2025-12-22 08:38:43 [http-nio-8080-exec-5] DEBUG o.s.w.s.m.m.a.HttpEntityMethodProcessor - Writing [org.springframework.boot.actuate.health.SystemHealth@30ba921c]
2025-12-22 08:38:43 [http-nio-8080-exec-5] DEBUG o.s.web.servlet.DispatcherServlet - Completed 200 OK
2025-12-22 08:55:53 [http-nio-8080-exec-9] DEBUG o.s.security.web.FilterChainProxy - Securing HEAD /actuator/health
2025-12-22 08:55:53 [http-nio-8080-exec-9] DEBUG o.s.s.w.a.AnonymousAuthenticationFilter - Set SecurityContextHolder to anonymous SecurityContext
2025-12-22 08:55:53 [http-nio-8080-exec-9] DEBUG o.s.security.web.FilterChainProxy - Secured HEAD /actuator/health
2025-12-22 08:55:53 [http-nio-8080-exec-9] DEBUG o.s.web.servlet.DispatcherServlet - HEAD "/actuator/health", parameters={}
2025-12-22 08:55:53 [http-nio-8080-exec-9] DEBUG o.s.w.s.m.m.a.RequestResponseBodyMethodProcessor - Read "application/octet-stream" to []
2025-12-22 08:55:53 [http-nio-8080-exec-9] DEBUG o.s.w.s.m.m.a.HttpEntityMethodProcessor - Using 'application/vnd.spring-boot.actuator.v3+json', given [*/*] and supported [application/vnd.spring-boot.actuator.v3+json, application/vnd.spring-boot.actuator.v2+json, application/json]
2025-12-22 08:55:53 [http-nio-8080-exec-9] DEBUG o.s.w.s.m.m.a.HttpEntityMethodProcessor - Writing [org.springframework.boot.actuate.health.SystemHealth@76583712]
2025-12-22 08:55:53 [http-nio-8080-exec-9] DEBUG o.s.web.servlet.DispatcherServlet - Completed 200 OK
2025-12-22 09:06:38 [http-nio-8080-exec-6] DEBUG o.s.security.web.FilterChainProxy - Securing HEAD /actuator/health
2025-12-22 09:06:38 [http-nio-8080-exec-6] DEBUG o.s.s.w.a.AnonymousAuthenticationFilter - Set SecurityContextHolder to anonymous SecurityContext
2025-12-22 09:06:38 [http-nio-8080-exec-6] DEBUG o.s.security.web.FilterChainProxy - Secured HEAD /actuator/health
2025-12-22 09:06:38 [http-nio-8080-exec-6] DEBUG o.s.web.servlet.DispatcherServlet - HEAD "/actuator/health", parameters={}
2025-12-22 09:06:38 [http-nio-8080-exec-6] DEBUG o.s.w.s.m.m.a.RequestResponseBodyMethodProcessor - Read "application/octet-stream" to []
2025-12-22 09:06:38 [http-nio-8080-exec-6] DEBUG o.s.w.s.m.m.a.HttpEntityMethodProcessor - Using 'application/vnd.spring-boot.actuator.v3+json', given [*/*] and supported [application/vnd.spring-boot.actuator.v3+json, application/vnd.spring-boot.actuator.v2+json, application/json]
2025-12-22 09:06:38 [http-nio-8080-exec-6] DEBUG o.s.w.s.m.m.a.HttpEntityMethodProcessor - Writing [org.springframework.boot.actuate.health.SystemHealth@f7c077b]
2025-12-22 09:06:38 [http-nio-8080-exec-6] DEBUG o.s.web.servlet.DispatcherServlet - Completed 200 OK
2025-12-22 09:07:08 [http-nio-8080-exec-7] DEBUG o.s.security.web.FilterChainProxy - Securing HEAD /actuator/health
2025-12-22 09:07:08 [http-nio-8080-exec-7] DEBUG o.s.s.w.a.AnonymousAuthenticationFilter - Set SecurityContextHolder to anonymous SecurityContext
2025-12-22 09:07:08 [http-nio-8080-exec-7] DEBUG o.s.security.web.FilterChainProxy - Secured HEAD /actuator/health
2025-12-22 09:07:08 [http-nio-8080-exec-7] DEBUG o.s.web.servlet.DispatcherServlet - HEAD "/actuator/health", parameters={}
2025-12-22 09:07:08 [http-nio-8080-exec-7] DEBUG o.s.w.s.m.m.a.RequestResponseBodyMethodProcessor - Read "application/octet-stream" to []
2025-12-22 09:07:08 [http-nio-8080-exec-7] DEBUG o.s.w.s.m.m.a.HttpEntityMethodProcessor - Using 'application/vnd.spring-boot.actuator.v3+json', given [*/*] and supported [application/vnd.spring-boot.actuator.v3+json, application/vnd.spring-boot.actuator.v2+json, application/json]
2025-12-22 09:07:08 [http-nio-8080-exec-7] DEBUG o.s.w.s.m.m.a.HttpEntityMethodProcessor - Writing [org.springframework.boot.actuate.health.SystemHealth@626a4513]
2025-12-22 09:07:08 [http-nio-8080-exec-7] DEBUG o.s.web.servlet.DispatcherServlet - Completed 200 OK
2025-12-22 09:54:32 [http-nio-8080-exec-8] DEBUG o.s.security.web.FilterChainProxy - Securing HEAD /actuator/health
2025-12-22 09:54:32 [http-nio-8080-exec-8] DEBUG o.s.s.w.a.AnonymousAuthenticationFilter - Set SecurityContextHolder to anonymous SecurityContext
2025-12-22 09:54:32 [http-nio-8080-exec-8] DEBUG o.s.security.web.FilterChainProxy - Secured HEAD /actuator/health
2025-12-22 09:54:32 [http-nio-8080-exec-8] DEBUG o.s.web.servlet.DispatcherServlet - HEAD "/actuator/health", parameters={}
2025-12-22 09:54:32 [http-nio-8080-exec-8] DEBUG o.s.w.s.m.m.a.RequestResponseBodyMethodProcessor - Read "application/octet-stream" to []
2025-12-22 09:54:32 [http-nio-8080-exec-8] DEBUG o.s.w.s.m.m.a.HttpEntityMethodProcessor - Using 'application/vnd.spring-boot.actuator.v3+json', given [*/*] and supported [application/vnd.spring-boot.actuator.v3+json, application/vnd.spring-boot.actuator.v2+json, application/json]
2025-12-22 09:54:32 [http-nio-8080-exec-8] DEBUG o.s.w.s.m.m.a.HttpEntityMethodProcessor - Writing [org.springframework.boot.actuate.health.SystemHealth@751e8584]
2025-12-22 09:54:32 [http-nio-8080-exec-8] DEBUG o.s.web.servlet.DispatcherServlet - Completed 200 OK
2025-12-22 09:55:02 [http-nio-8080-exec-2] DEBUG o.s.security.web.FilterChainProxy - Securing HEAD /actuator/health
2025-12-22 09:55:02 [http-nio-8080-exec-2] DEBUG o.s.s.w.a.AnonymousAuthenticationFilter - Set SecurityContextHolder to anonymous SecurityContext
2025-12-22 09:55:02 [http-nio-8080-exec-2] DEBUG o.s.security.web.FilterChainProxy - Secured HEAD /actuator/health
2025-12-22 09:55:02 [http-nio-8080-exec-2] DEBUG o.s.web.servlet.DispatcherServlet - HEAD "/actuator/health", parameters={}
2025-12-22 09:55:02 [http-nio-8080-exec-2] DEBUG o.s.w.s.m.m.a.RequestResponseBodyMethodProcessor - Read "application/octet-stream" to []
2025-12-22 09:55:02 [http-nio-8080-exec-2] DEBUG o.s.w.s.m.m.a.HttpEntityMethodProcessor - Using 'application/vnd.spring-boot.actuator.v3+json', given [*/*] and supported [application/vnd.spring-boot.actuator.v3+json, application/vnd.spring-boot.actuator.v2+json, application/json]
2025-12-22 09:55:02 [http-nio-8080-exec-2] DEBUG o.s.w.s.m.m.a.HttpEntityMethodProcessor - Writing [org.springframework.boot.actuate.health.SystemHealth@10f2e6f5]
2025-12-22 09:55:02 [http-nio-8080-exec-2] DEBUG o.s.web.servlet.DispatcherServlet - Completed 200 OK
2025-12-22 10:07:54 [http-nio-8080-exec-3] DEBUG o.s.security.web.FilterChainProxy - Securing HEAD /actuator/health
2025-12-22 10:07:54 [http-nio-8080-exec-3] DEBUG o.s.s.w.a.AnonymousAuthenticationFilter - Set SecurityContextHolder to anonymous SecurityContext
2025-12-22 10:07:54 [http-nio-8080-exec-3] DEBUG o.s.security.web.FilterChainProxy - Secured HEAD /actuator/health
2025-12-22 10:07:54 [http-nio-8080-exec-3] DEBUG o.s.web.servlet.DispatcherServlet - HEAD "/actuator/health", parameters={}
2025-12-22 10:07:54 [http-nio-8080-exec-3] DEBUG o.s.w.s.m.m.a.RequestResponseBodyMethodProcessor - Read "application/octet-stream" to []
2025-12-22 10:07:54 [http-nio-8080-exec-3] DEBUG o.s.w.s.m.m.a.HttpEntityMethodProcessor - Using 'application/vnd.spring-boot.actuator.v3+json', given [*/*] and supported [application/vnd.spring-boot.actuator.v3+json, application/vnd.spring-boot.actuator.v2+json, application/json]
2025-12-22 10:07:54 [http-nio-8080-exec-3] DEBUG o.s.w.s.m.m.a.HttpEntityMethodProcessor - Writing [org.springframework.boot.actuate.health.SystemHealth@556a5f5e]
2025-12-22 10:07:54 [http-nio-8080-exec-3] DEBUG o.s.web.servlet.DispatcherServlet - Completed 200 OK
2025-12-22 10:15:32 [http-nio-8080-exec-10] DEBUG o.s.security.web.FilterChainProxy - Securing HEAD /actuator/health
2025-12-22 10:15:32 [http-nio-8080-exec-10] DEBUG o.s.s.w.a.AnonymousAuthenticationFilter - Set SecurityContextHolder to anonymous SecurityContext
2025-12-22 10:15:32 [http-nio-8080-exec-10] DEBUG o.s.security.web.FilterChainProxy - Secured HEAD /actuator/health
2025-12-22 10:15:32 [http-nio-8080-exec-10] DEBUG o.s.web.servlet.DispatcherServlet - HEAD "/actuator/health", parameters={}
2025-12-22 10:15:32 [http-nio-8080-exec-10] DEBUG o.s.w.s.m.m.a.RequestResponseBodyMethodProcessor - Read "application/octet-stream" to []
2025-12-22 10:15:32 [http-nio-8080-exec-10] DEBUG o.s.w.s.m.m.a.HttpEntityMethodProcessor - Using 'application/vnd.spring-boot.actuator.v3+json', given [*/*] and supported [application/vnd.spring-boot.actuator.v3+json, application/vnd.spring-boot.actuator.v2+json, application/json]
2025-12-22 10:15:32 [http-nio-8080-exec-10] DEBUG o.s.w.s.m.m.a.HttpEntityMethodProcessor - Writing [org.springframework.boot.actuate.health.SystemHealth@4680ec84]
2025-12-22 10:15:32 [http-nio-8080-exec-10] DEBUG o.s.web.servlet.DispatcherServlet - Completed 200 OK
2025-12-22 10:16:02 [http-nio-8080-exec-1] DEBUG o.s.security.web.FilterChainProxy - Securing HEAD /actuator/health
2025-12-22 10:16:02 [http-nio-8080-exec-1] DEBUG o.s.s.w.a.AnonymousAuthenticationFilter - Set SecurityContextHolder to anonymous SecurityContext
2025-12-22 10:16:02 [http-nio-8080-exec-1] DEBUG o.s.security.web.FilterChainProxy - Secured HEAD /actuator/health
2025-12-22 10:16:02 [http-nio-8080-exec-1] DEBUG o.s.web.servlet.DispatcherServlet - HEAD "/actuator/health", parameters={}
2025-12-22 10:16:02 [http-nio-8080-exec-1] DEBUG o.s.w.s.m.m.a.RequestResponseBodyMethodProcessor - Read "application/octet-stream" to []
2025-12-22 10:16:02 [http-nio-8080-exec-1] DEBUG o.s.w.s.m.m.a.HttpEntityMethodProcessor - Using 'application/vnd.spring-boot.actuator.v3+json', given [*/*] and supported [application/vnd.spring-boot.actuator.v3+json, application/vnd.spring-boot.actuator.v2+json, application/json]
2025-12-22 10:16:02 [http-nio-8080-exec-1] DEBUG o.s.w.s.m.m.a.HttpEntityMethodProcessor - Writing [org.springframework.boot.actuate.health.SystemHealth@3ae20d78]
2025-12-22 10:16:02 [http-nio-8080-exec-1] DEBUG o.s.web.servlet.DispatcherServlet - Completed 200 OK
2025-12-22 10:27:35 [http-nio-8080-exec-9] DEBUG o.s.security.web.FilterChainProxy - Securing HEAD /actuator/health
2025-12-22 10:27:35 [http-nio-8080-exec-9] DEBUG o.s.s.w.a.AnonymousAuthenticationFilter - Set SecurityContextHolder to anonymous SecurityContext
2025-12-22 10:27:35 [http-nio-8080-exec-9] DEBUG o.s.security.web.FilterChainProxy - Secured HEAD /actuator/health
2025-12-22 10:27:35 [http-nio-8080-exec-9] DEBUG o.s.web.servlet.DispatcherServlet - HEAD "/actuator/health", parameters={}
2025-12-22 10:27:35 [http-nio-8080-exec-9] DEBUG o.s.w.s.m.m.a.RequestResponseBodyMethodProcessor - Read "application/octet-stream" to []
2025-12-22 10:27:35 [http-nio-8080-exec-9] DEBUG o.s.w.s.m.m.a.HttpEntityMethodProcessor - Using 'application/vnd.spring-boot.actuator.v3+json', given [*/*] and supported [application/vnd.spring-boot.actuator.v3+json, application/vnd.spring-boot.actuator.v2+json, application/json]
2025-12-22 10:27:35 [http-nio-8080-exec-9] DEBUG o.s.w.s.m.m.a.HttpEntityMethodProcessor - Writing [org.springframework.boot.actuate.health.SystemHealth@28de24b9]
2025-12-22 10:27:35 [http-nio-8080-exec-9] DEBUG o.s.web.servlet.DispatcherServlet - Completed 200 OK
2025-12-22 10:27:37 [MessageBroker-2] INFO  o.s.w.s.c.WebSocketMessageBrokerStats - WebSocketSession[0 current WS(0)-HttpStream(0)-HttpPoll(0), 0 total, 0 closed abnormally (0 connect failure, 0 send limit, 0 transport error)], stompSubProtocol[processed CONNECT(0)-CONNECTED(0)-DISCONNECT(0)], stompBrokerRelay[null], inboundChannel[pool size = 0, active threads = 0, queued tasks = 0, completed tasks = 0], outboundChannel[pool size = 0, active threads = 0, queued tasks = 0, completed tasks = 0], sockJsScheduler[pool size = 12, active threads = 1, queued tasks = 0, completed tasks = 33]
2025-12-22 10:28:05 [http-nio-8080-exec-6] DEBUG o.s.security.web.FilterChainProxy - Securing HEAD /actuator/health
2025-12-22 10:28:05 [http-nio-8080-exec-6] DEBUG o.s.s.w.a.AnonymousAuthenticationFilter - Set SecurityContextHolder to anonymous SecurityContext
2025-12-22 10:28:05 [http-nio-8080-exec-6] DEBUG o.s.security.web.FilterChainProxy - Secured HEAD /actuator/health
2025-12-22 10:28:05 [http-nio-8080-exec-6] DEBUG o.s.web.servlet.DispatcherServlet - HEAD "/actuator/health", parameters={}
2025-12-22 10:28:05 [http-nio-8080-exec-6] DEBUG o.s.w.s.m.m.a.RequestResponseBodyMethodProcessor - Read "application/octet-stream" to []
2025-12-22 10:28:05 [http-nio-8080-exec-6] DEBUG o.s.w.s.m.m.a.HttpEntityMethodProcessor - Using 'application/vnd.spring-boot.actuator.v3+json', given [*/*] and supported [application/vnd.spring-boot.actuator.v3+json, application/vnd.spring-boot.actuator.v2+json, application/json]
2025-12-22 10:28:05 [http-nio-8080-exec-6] DEBUG o.s.w.s.m.m.a.HttpEntityMethodProcessor - Writing [org.springframework.boot.actuate.health.SystemHealth@5d6fd27e]
2025-12-22 10:28:05 [http-nio-8080-exec-6] DEBUG o.s.web.servlet.DispatcherServlet - Completed 200 OK
2025-12-22 10:29:04 [http-nio-8080-exec-7] DEBUG o.s.security.web.FilterChainProxy - Securing HEAD /actuator/health
2025-12-22 10:29:04 [http-nio-8080-exec-7] DEBUG o.s.s.w.a.AnonymousAuthenticationFilter - Set SecurityContextHolder to anonymous SecurityContext
2025-12-22 10:29:04 [http-nio-8080-exec-7] DEBUG o.s.security.web.FilterChainProxy - Secured HEAD /actuator/health
2025-12-22 10:29:04 [http-nio-8080-exec-7] DEBUG o.s.web.servlet.DispatcherServlet - HEAD "/actuator/health", parameters={}
2025-12-22 10:29:04 [http-nio-8080-exec-7] DEBUG o.s.w.s.m.m.a.RequestResponseBodyMethodProcessor - Read "application/octet-stream" to []
2025-12-22 10:29:04 [http-nio-8080-exec-7] DEBUG o.s.w.s.m.m.a.HttpEntityMethodProcessor - Using 'application/vnd.spring-boot.actuator.v3+json', given [*/*] and supported [application/vnd.spring-boot.actuator.v3+json, application/vnd.spring-boot.actuator.v2+json, application/json]
2025-12-22 10:29:04 [http-nio-8080-exec-7] DEBUG o.s.w.s.m.m.a.HttpEntityMethodProcessor - Writing [org.springframework.boot.actuate.health.SystemHealth@6bf77702]
2025-12-22 10:29:04 [http-nio-8080-exec-7] DEBUG o.s.web.servlet.DispatcherServlet - Completed 200 OK
2025-12-22 10:30:40 [http-nio-8080-exec-8] DEBUG o.s.security.web.FilterChainProxy - Securing HEAD /actuator/health
2025-12-22 10:30:40 [http-nio-8080-exec-8] DEBUG o.s.s.w.a.AnonymousAuthenticationFilter - Set SecurityContextHolder to anonymous SecurityContext
2025-12-22 10:30:40 [http-nio-8080-exec-8] DEBUG o.s.security.web.FilterChainProxy - Secured HEAD /actuator/health
2025-12-22 10:30:40 [http-nio-8080-exec-8] DEBUG o.s.web.servlet.DispatcherServlet - HEAD "/actuator/health", parameters={}
2025-12-22 10:30:40 [http-nio-8080-exec-8] DEBUG o.s.w.s.m.m.a.RequestResponseBodyMethodProcessor - Read "application/octet-stream" to []
2025-12-22 10:30:40 [http-nio-8080-exec-8] DEBUG o.s.w.s.m.m.a.HttpEntityMethodProcessor - Using 'application/vnd.spring-boot.actuator.v3+json', given [*/*] and supported [application/vnd.spring-boot.actuator.v3+json, application/vnd.spring-boot.actuator.v2+json, application/json]
2025-12-22 10:30:40 [http-nio-8080-exec-8] DEBUG o.s.w.s.m.m.a.HttpEntityMethodProcessor - Writing [org.springframework.boot.actuate.health.SystemHealth@a619b97]
2025-12-22 10:30:40 [http-nio-8080-exec-8] DEBUG o.s.web.servlet.DispatcherServlet - Completed 200 OK
2025-12-22 10:31:10 [http-nio-8080-exec-2] DEBUG o.s.security.web.FilterChainProxy - Securing HEAD /actuator/health
2025-12-22 10:31:10 [http-nio-8080-exec-2] DEBUG o.s.s.w.a.AnonymousAuthenticationFilter - Set SecurityContextHolder to anonymous SecurityContext
2025-12-22 10:31:10 [http-nio-8080-exec-2] DEBUG o.s.security.web.FilterChainProxy - Secured HEAD /actuator/health
2025-12-22 10:31:10 [http-nio-8080-exec-2] DEBUG o.s.web.servlet.DispatcherServlet - HEAD "/actuator/health", parameters={}
2025-12-22 10:31:10 [http-nio-8080-exec-2] DEBUG o.s.w.s.m.m.a.RequestResponseBodyMethodProcessor - Read "application/octet-stream" to []
2025-12-22 10:31:10 [http-nio-8080-exec-2] DEBUG o.s.w.s.m.m.a.HttpEntityMethodProcessor - Using 'application/vnd.spring-boot.actuator.v3+json', given [*/*] and supported [application/vnd.spring-boot.actuator.v3+json, application/vnd.spring-boot.actuator.v2+json, application/json]
2025-12-22 10:31:10 [http-nio-8080-exec-2] DEBUG o.s.w.s.m.m.a.HttpEntityMethodProcessor - Writing [org.springframework.boot.actuate.health.SystemHealth@3bec44d1]
2025-12-22 10:31:10 [http-nio-8080-exec-2] DEBUG o.s.web.servlet.DispatcherServlet - Completed 200 OK
2025-12-22 10:32:39 [http-nio-8080-exec-10] DEBUG o.s.security.web.FilterChainProxy - Securing HEAD /actuator/health
2025-12-22 10:32:39 [http-nio-8080-exec-10] DEBUG o.s.s.w.a.AnonymousAuthenticationFilter - Set SecurityContextHolder to anonymous SecurityContext
2025-12-22 10:32:39 [http-nio-8080-exec-10] DEBUG o.s.security.web.FilterChainProxy - Secured HEAD /actuator/health
2025-12-22 10:32:39 [http-nio-8080-exec-10] DEBUG o.s.web.servlet.DispatcherServlet - HEAD "/actuator/health", parameters={}
2025-12-22 10:32:39 [http-nio-8080-exec-10] DEBUG o.s.w.s.m.m.a.RequestResponseBodyMethodProcessor - Read "application/octet-stream" to []
2025-12-22 10:32:39 [http-nio-8080-exec-10] DEBUG o.s.w.s.m.m.a.HttpEntityMethodProcessor - Using 'application/vnd.spring-boot.actuator.v3+json', given [*/*] and supported [application/vnd.spring-boot.actuator.v3+json, application/vnd.spring-boot.actuator.v2+json, application/json]
2025-12-22 10:32:39 [http-nio-8080-exec-10] DEBUG o.s.w.s.m.m.a.HttpEntityMethodProcessor - Writing [org.springframework.boot.actuate.health.SystemHealth@66676894]
2025-12-22 10:32:39 [http-nio-8080-exec-10] DEBUG o.s.web.servlet.DispatcherServlet - Completed 200 OK
2025-12-22 10:34:05 [http-nio-8080-exec-4] DEBUG o.s.security.web.FilterChainProxy - Securing HEAD /actuator/health
2025-12-22 10:34:05 [http-nio-8080-exec-4] DEBUG o.s.s.w.a.AnonymousAuthenticationFilter - Set SecurityContextHolder to anonymous SecurityContext
2025-12-22 10:34:05 [http-nio-8080-exec-4] DEBUG o.s.security.web.FilterChainProxy - Secured HEAD /actuator/health
2025-12-22 10:34:05 [http-nio-8080-exec-4] DEBUG o.s.web.servlet.DispatcherServlet - HEAD "/actuator/health", parameters={}
2025-12-22 10:34:05 [http-nio-8080-exec-4] DEBUG o.s.w.s.m.m.a.RequestResponseBodyMethodProcessor - Read "application/octet-stream" to []
2025-12-22 10:34:05 [http-nio-8080-exec-4] DEBUG o.s.w.s.m.m.a.HttpEntityMethodProcessor - Using 'application/vnd.spring-boot.actuator.v3+json', given [*/*] and supported [application/vnd.spring-boot.actuator.v3+json, application/vnd.spring-boot.actuator.v2+json, application/json]
2025-12-22 10:34:05 [http-nio-8080-exec-4] DEBUG o.s.w.s.m.m.a.HttpEntityMethodProcessor - Writing [org.springframework.boot.actuate.health.SystemHealth@41df4477]
2025-12-22 10:34:05 [http-nio-8080-exec-4] DEBUG o.s.web.servlet.DispatcherServlet - Completed 200 OK
2025-12-22 10:34:35 [http-nio-8080-exec-1] DEBUG o.s.security.web.FilterChainProxy - Securing HEAD /actuator/health
2025-12-22 10:34:35 [http-nio-8080-exec-1] DEBUG o.s.s.w.a.AnonymousAuthenticationFilter - Set SecurityContextHolder to anonymous SecurityContext
2025-12-22 10:34:35 [http-nio-8080-exec-1] DEBUG o.s.security.web.FilterChainProxy - Secured HEAD /actuator/health
2025-12-22 10:34:35 [http-nio-8080-exec-1] DEBUG o.s.web.servlet.DispatcherServlet - HEAD "/actuator/health", parameters={}
2025-12-22 10:34:35 [http-nio-8080-exec-1] DEBUG o.s.w.s.m.m.a.RequestResponseBodyMethodProcessor - Read "application/octet-stream" to []
2025-12-22 10:34:35 [http-nio-8080-exec-1] DEBUG o.s.w.s.m.m.a.HttpEntityMethodProcessor - Using 'application/vnd.spring-boot.actuator.v3+json', given [*/*] and supported [application/vnd.spring-boot.actuator.v3+json, application/vnd.spring-boot.actuator.v2+json, application/json]
2025-12-22 10:34:35 [http-nio-8080-exec-1] DEBUG o.s.w.s.m.m.a.HttpEntityMethodProcessor - Writing [org.springframework.boot.actuate.health.SystemHealth@779cae1b]
2025-12-22 10:34:35 [http-nio-8080-exec-1] DEBUG o.s.web.servlet.DispatcherServlet - Completed 200 OK
2025-12-22 10:35:05 [http-nio-8080-exec-9] DEBUG o.s.security.web.FilterChainProxy - Securing HEAD /actuator/health
2025-12-22 10:35:05 [http-nio-8080-exec-9] DEBUG o.s.s.w.a.AnonymousAuthenticationFilter - Set SecurityContextHolder to anonymous SecurityContext
2025-12-22 10:35:05 [http-nio-8080-exec-9] DEBUG o.s.security.web.FilterChainProxy - Secured HEAD /actuator/health
2025-12-22 10:35:05 [http-nio-8080-exec-9] DEBUG o.s.web.servlet.DispatcherServlet - HEAD "/actuator/health", parameters={}
2025-12-22 10:35:05 [http-nio-8080-exec-9] DEBUG o.s.w.s.m.m.a.RequestResponseBodyMethodProcessor - Read "application/octet-stream" to []
2025-12-22 10:35:05 [http-nio-8080-exec-9] DEBUG o.s.w.s.m.m.a.HttpEntityMethodProcessor - Using 'application/vnd.spring-boot.actuator.v3+json', given [*/*] and supported [application/vnd.spring-boot.actuator.v3+json, application/vnd.spring-boot.actuator.v2+json, application/json]
2025-12-22 10:35:05 [http-nio-8080-exec-9] DEBUG o.s.w.s.m.m.a.HttpEntityMethodProcessor - Writing [org.springframework.boot.actuate.health.SystemHealth@591f0d43]
2025-12-22 10:35:05 [http-nio-8080-exec-9] DEBUG o.s.web.servlet.DispatcherServlet - Completed 200 OK
2025-12-22 10:35:35 [http-nio-8080-exec-7] DEBUG o.s.security.web.FilterChainProxy - Securing HEAD /actuator/health
2025-12-22 10:35:35 [http-nio-8080-exec-7] DEBUG o.s.s.w.a.AnonymousAuthenticationFilter - Set SecurityContextHolder to anonymous SecurityContext
2025-12-22 10:35:35 [http-nio-8080-exec-7] DEBUG o.s.security.web.FilterChainProxy - Secured HEAD /actuator/health
2025-12-22 10:35:35 [http-nio-8080-exec-7] DEBUG o.s.web.servlet.DispatcherServlet - HEAD "/actuator/health", parameters={}
2025-12-22 10:35:35 [http-nio-8080-exec-7] DEBUG o.s.w.s.m.m.a.RequestResponseBodyMethodProcessor - Read "application/octet-stream" to []
2025-12-22 10:35:35 [http-nio-8080-exec-7] DEBUG o.s.w.s.m.m.a.HttpEntityMethodProcessor - Using 'application/vnd.spring-boot.actuator.v3+json', given [*/*] and supported [application/vnd.spring-boot.actuator.v3+json, application/vnd.spring-boot.actuator.v2+json, application/json]
2025-12-22 10:35:35 [http-nio-8080-exec-7] DEBUG o.s.w.s.m.m.a.HttpEntityMethodProcessor - Writing [org.springframework.boot.actuate.health.SystemHealth@456c109c]
2025-12-22 10:35:35 [http-nio-8080-exec-7] DEBUG o.s.web.servlet.DispatcherServlet - Completed 200 OK
2025-12-22 10:36:07 [http-nio-8080-exec-8] DEBUG o.s.security.web.FilterChainProxy - Securing HEAD /actuator/health
2025-12-22 10:36:07 [http-nio-8080-exec-8] DEBUG o.s.s.w.a.AnonymousAuthenticationFilter - Set SecurityContextHolder to anonymous SecurityContext
2025-12-22 10:36:07 [http-nio-8080-exec-8] DEBUG o.s.security.web.FilterChainProxy - Secured HEAD /actuator/health
2025-12-22 10:36:07 [http-nio-8080-exec-8] DEBUG o.s.web.servlet.DispatcherServlet - HEAD "/actuator/health", parameters={}
2025-12-22 10:36:07 [http-nio-8080-exec-8] DEBUG o.s.w.s.m.m.a.RequestResponseBodyMethodProcessor - Read "application/octet-stream" to []
2025-12-22 10:36:07 [http-nio-8080-exec-8] DEBUG o.s.w.s.m.m.a.HttpEntityMethodProcessor - Using 'application/vnd.spring-boot.actuator.v3+json', given [*/*] and supported [application/vnd.spring-boot.actuator.v3+json, application/vnd.spring-boot.actuator.v2+json, application/json]
2025-12-22 10:36:07 [http-nio-8080-exec-8] DEBUG o.s.w.s.m.m.a.HttpEntityMethodProcessor - Writing [org.springframework.boot.actuate.health.SystemHealth@c58226f]
2025-12-22 10:36:07 [http-nio-8080-exec-8] DEBUG o.s.web.servlet.DispatcherServlet - Completed 200 OK
2025-12-22 10:36:37 [http-nio-8080-exec-2] DEBUG o.s.security.web.FilterChainProxy - Securing HEAD /actuator/health
2025-12-22 10:36:37 [http-nio-8080-exec-2] DEBUG o.s.s.w.a.AnonymousAuthenticationFilter - Set SecurityContextHolder to anonymous SecurityContext
2025-12-22 10:36:37 [http-nio-8080-exec-2] DEBUG o.s.security.web.FilterChainProxy - Secured HEAD /actuator/health
2025-12-22 10:36:37 [http-nio-8080-exec-2] DEBUG o.s.web.servlet.DispatcherServlet - HEAD "/actuator/health", parameters={}
2025-12-22 10:36:37 [http-nio-8080-exec-2] DEBUG o.s.w.s.m.m.a.RequestResponseBodyMethodProcessor - Read "application/octet-stream" to []
2025-12-22 10:36:37 [http-nio-8080-exec-2] DEBUG o.s.w.s.m.m.a.HttpEntityMethodProcessor - Using 'application/vnd.spring-boot.actuator.v3+json', given [*/*] and supported [application/vnd.spring-boot.actuator.v3+json, application/vnd.spring-boot.actuator.v2+json, application/json]
2025-12-22 10:36:37 [http-nio-8080-exec-2] DEBUG o.s.w.s.m.m.a.HttpEntityMethodProcessor - Writing [org.springframework.boot.actuate.health.SystemHealth@4ba39285]
2025-12-22 10:36:37 [http-nio-8080-exec-2] DEBUG o.s.web.servlet.DispatcherServlet - Completed 200 OK
2025-12-22 10:49:31 [http-nio-8080-exec-3] DEBUG o.s.security.web.FilterChainProxy - Securing HEAD /actuator/health
2025-12-22 10:49:31 [http-nio-8080-exec-3] DEBUG o.s.s.w.a.AnonymousAuthenticationFilter - Set SecurityContextHolder to anonymous SecurityContext
2025-12-22 10:49:31 [http-nio-8080-exec-3] DEBUG o.s.security.web.FilterChainProxy - Secured HEAD /actuator/health
2025-12-22 10:49:31 [http-nio-8080-exec-3] DEBUG o.s.web.servlet.DispatcherServlet - HEAD "/actuator/health", parameters={}
2025-12-22 10:49:31 [http-nio-8080-exec-3] DEBUG o.s.w.s.m.m.a.RequestResponseBodyMethodProcessor - Read "application/octet-stream" to []
2025-12-22 10:49:31 [http-nio-8080-exec-3] DEBUG o.s.w.s.m.m.a.HttpEntityMethodProcessor - Using 'application/vnd.spring-boot.actuator.v3+json', given [*/*] and supported [application/vnd.spring-boot.actuator.v3+json, application/vnd.spring-boot.actuator.v2+json, application/json]
2025-12-22 10:49:31 [http-nio-8080-exec-3] DEBUG o.s.w.s.m.m.a.HttpEntityMethodProcessor - Writing [org.springframework.boot.actuate.health.SystemHealth@69b2e3bb]
2025-12-22 10:49:31 [http-nio-8080-exec-3] DEBUG o.s.web.servlet.DispatcherServlet - Completed 200 OK
2025-12-22 10:50:01 [http-nio-8080-exec-4] DEBUG o.s.security.web.FilterChainProxy - Securing HEAD /actuator/health
2025-12-22 10:50:01 [http-nio-8080-exec-4] DEBUG o.s.s.w.a.AnonymousAuthenticationFilter - Set SecurityContextHolder to anonymous SecurityContext
2025-12-22 10:50:01 [http-nio-8080-exec-4] DEBUG o.s.security.web.FilterChainProxy - Secured HEAD /actuator/health
2025-12-22 10:50:01 [http-nio-8080-exec-4] DEBUG o.s.web.servlet.DispatcherServlet - HEAD "/actuator/health", parameters={}
2025-12-22 10:50:01 [http-nio-8080-exec-4] DEBUG o.s.w.s.m.m.a.RequestResponseBodyMethodProcessor - Read "application/octet-stream" to []
2025-12-22 10:50:01 [http-nio-8080-exec-4] DEBUG o.s.w.s.m.m.a.HttpEntityMethodProcessor - Using 'application/vnd.spring-boot.actuator.v3+json', given [*/*] and supported [application/vnd.spring-boot.actuator.v3+json, application/vnd.spring-boot.actuator.v2+json, application/json]
2025-12-22 10:50:01 [http-nio-8080-exec-4] DEBUG o.s.w.s.m.m.a.HttpEntityMethodProcessor - Writing [org.springframework.boot.actuate.health.SystemHealth@2e4f5b0a]
2025-12-22 10:50:01 [http-nio-8080-exec-4] DEBUG o.s.web.servlet.DispatcherServlet - Completed 200 OK
2025-12-22 10:50:31 [http-nio-8080-exec-1] DEBUG o.s.security.web.FilterChainProxy - Securing HEAD /actuator/health
2025-12-22 10:50:31 [http-nio-8080-exec-1] DEBUG o.s.s.w.a.AnonymousAuthenticationFilter - Set SecurityContextHolder to anonymous SecurityContext
2025-12-22 10:50:31 [http-nio-8080-exec-1] DEBUG o.s.security.web.FilterChainProxy - Secured HEAD /actuator/health
2025-12-22 10:50:31 [http-nio-8080-exec-1] DEBUG o.s.web.servlet.DispatcherServlet - HEAD "/actuator/health", parameters={}
2025-12-22 10:50:31 [http-nio-8080-exec-1] DEBUG o.s.w.s.m.m.a.RequestResponseBodyMethodProcessor - Read "application/octet-stream" to []
2025-12-22 10:50:31 [http-nio-8080-exec-1] DEBUG o.s.w.s.m.m.a.HttpEntityMethodProcessor - Using 'application/vnd.spring-boot.actuator.v3+json', given [*/*] and supported [application/vnd.spring-boot.actuator.v3+json, application/vnd.spring-boot.actuator.v2+json, application/json]
2025-12-22 10:50:31 [http-nio-8080-exec-1] DEBUG o.s.w.s.m.m.a.HttpEntityMethodProcessor - Writing [org.springframework.boot.actuate.health.SystemHealth@73f6dadf]
2025-12-22 10:50:31 [http-nio-8080-exec-1] DEBUG o.s.web.servlet.DispatcherServlet - Completed 200 OK
2025-12-22 10:51:01 [http-nio-8080-exec-5] DEBUG o.s.security.web.FilterChainProxy - Securing HEAD /actuator/health
2025-12-22 10:51:01 [http-nio-8080-exec-5] DEBUG o.s.s.w.a.AnonymousAuthenticationFilter - Set SecurityContextHolder to anonymous SecurityContext
2025-12-22 10:51:01 [http-nio-8080-exec-5] DEBUG o.s.security.web.FilterChainProxy - Secured HEAD /actuator/health
2025-12-22 10:51:01 [http-nio-8080-exec-5] DEBUG o.s.web.servlet.DispatcherServlet - HEAD "/actuator/health", parameters={}
2025-12-22 10:51:01 [http-nio-8080-exec-5] DEBUG o.s.w.s.m.m.a.RequestResponseBodyMethodProcessor - Read "application/octet-stream" to []
2025-12-22 10:51:01 [http-nio-8080-exec-5] DEBUG o.s.w.s.m.m.a.HttpEntityMethodProcessor - Using 'application/vnd.spring-boot.actuator.v3+json', given [*/*] and supported [application/vnd.spring-boot.actuator.v3+json, application/vnd.spring-boot.actuator.v2+json, application/json]
2025-12-22 10:51:01 [http-nio-8080-exec-5] DEBUG o.s.w.s.m.m.a.HttpEntityMethodProcessor - Writing [org.springframework.boot.actuate.health.SystemHealth@5fc55ff3]
2025-12-22 10:51:01 [http-nio-8080-exec-5] DEBUG o.s.web.servlet.DispatcherServlet - Completed 200 OK
2025-12-22 10:51:31 [http-nio-8080-exec-9] DEBUG o.s.security.web.FilterChainProxy - Securing HEAD /actuator/health
2025-12-22 10:51:31 [http-nio-8080-exec-9] DEBUG o.s.s.w.a.AnonymousAuthenticationFilter - Set SecurityContextHolder to anonymous SecurityContext
2025-12-22 10:51:31 [http-nio-8080-exec-9] DEBUG o.s.security.web.FilterChainProxy - Secured HEAD /actuator/health
2025-12-22 10:51:31 [http-nio-8080-exec-9] DEBUG o.s.web.servlet.DispatcherServlet - HEAD "/actuator/health", parameters={}
2025-12-22 10:51:31 [http-nio-8080-exec-9] DEBUG o.s.w.s.m.m.a.RequestResponseBodyMethodProcessor - Read "application/octet-stream" to []
2025-12-22 10:51:31 [http-nio-8080-exec-9] DEBUG o.s.w.s.m.m.a.HttpEntityMethodProcessor - Using 'application/vnd.spring-boot.actuator.v3+json', given [*/*] and supported [application/vnd.spring-boot.actuator.v3+json, application/vnd.spring-boot.actuator.v2+json, application/json]
2025-12-22 10:51:31 [http-nio-8080-exec-9] DEBUG o.s.w.s.m.m.a.HttpEntityMethodProcessor - Writing [org.springframework.boot.actuate.health.SystemHealth@196c2bc0]
2025-12-22 10:51:31 [http-nio-8080-exec-9] DEBUG o.s.web.servlet.DispatcherServlet - Completed 200 OK
